<?xml version="1.0" encoding="UTF-8"?>
<!-- Generated by org.testng.reporters.JUnitReportReporter -->
<testsuite hostname="DESKTOP-I9BFR2K" failures="0" tests="4" name="com.wingify.testscript.LoginSecnario" time="3.035" errors="0" timestamp="2023-06-24T11:36:54 IST" skipped="0">
  <testcase classname="com.wingify.testscript.LoginSecnario" name="validUnPwd" time="1.450">
    <system-out>
      <![CDATA[It's logined using valid username and password]]>
    </system-out>
  </testcase> <!-- validUnPwd -->
  <testcase classname="com.wingify.testscript.LoginSecnario" name="emptyUN_Pwd" time="0.260">
    <system-out>
      <![CDATA[with a empty username and password test field it couldn't login]]>
    </system-out>
  </testcase> <!-- emptyUN_Pwd -->
  <testcase classname="com.wingify.testscript.LoginSecnario" name="validUN_wrongPass" time="0.668">
    <system-out>
      <![CDATA[checked for valid username and wrong password]]>
    </system-out>
  </testcase> <!-- validUN_wrongPass -->
  <testcase classname="com.wingify.testscript.LoginSecnario" name="wromgUN_validPass" time="0.657">
    <system-out>
      <![CDATA[checked for wrong username and valid password]]>
    </system-out>
  </testcase> <!-- wromgUN_validPass -->
  <system-out>
    <![CDATA[It's logined using valid username and password
with a empty username and password test field it couldn't login
checked for valid username and wrong password
checked for wrong username and valid password]]>
  </system-out>
</testsuite> <!-- com.wingify.testscript.LoginSecnario -->
