<?xml version="1.0" encoding="UTF-8"?>
<!-- Generated by org.testng.reporters.JUnitReportReporter -->
<testsuite hostname="DESKTOP-I9BFR2K" failures="0" tests="1" name="com.wingify.testscript.CheckTheSortedValues" time="1.677" errors="0" timestamp="2023-06-23T22:34:53 IST" skipped="0">
  <testcase classname="com.wingify.testscript.CheckTheSortedValues" name="checkTheSortedValues" time="1.677">
    <system-out>
      <![CDATA[Logined]]>
    </system-out>
  </testcase> <!-- checkTheSortedValues -->
  <system-out>
    <![CDATA[Logined]]>
  </system-out>
</testsuite> <!-- com.wingify.testscript.CheckTheSortedValues -->
